<?xml version="1.0" encoding="UTF-8"?>
<testng-results skipped="0" failed="0" ignored="0" total="1" passed="1">
  <reporter-output>
  </reporter-output>
  <suite name="FirstTest.AppTest" duration-ms="7955" started-at="2018-09-09T09:41:00Z" finished-at="2018-09-09T09:41:08Z">
    <groups>
    </groups>
    <test name="Command line test" duration-ms="7955" started-at="2018-09-09T09:41:00Z" finished-at="2018-09-09T09:41:08Z">
      <class name="FirstTest.AppTest">
        <test-method status="PASS" signature="setup()[pri:0, instance:FirstTest.AppTest@22f71333]" name="setup" duration-ms="7920" started-at="2018-09-09T09:41:00Z" finished-at="2018-09-09T09:41:08Z">
          <reporter-output>
          </reporter-output>
        </test-method> <!-- setup -->
      </class> <!-- FirstTest.AppTest -->
    </test> <!-- Command line test -->
  </suite> <!-- FirstTest.AppTest -->
</testng-results>
