<?xml version="1.0" encoding="UTF-8"?>
<testng-results skipped="0" failed="0" ignored="0" total="1" passed="1">
  <reporter-output>
  </reporter-output>
  <suite name="Default suite" duration-ms="22451" started-at="2018-09-10T02:41:47Z" finished-at="2018-09-10T02:42:10Z">
    <groups>
    </groups>
    <test name="Default test" duration-ms="22451" started-at="2018-09-10T02:41:47Z" finished-at="2018-09-10T02:42:10Z">
      <class name="FirstTest.AppTest">
        <test-method status="PASS" signature="setup()[pri:0, instance:FirstTest.AppTest@5b275dab]" name="setup" duration-ms="22426" started-at="2018-09-10T02:41:47Z" finished-at="2018-09-10T02:42:10Z">
          <reporter-output>
          </reporter-output>
        </test-method> <!-- setup -->
      </class> <!-- FirstTest.AppTest -->
    </test> <!-- Default test -->
  </suite> <!-- Default suite -->
</testng-results>
